2023-04-02 21:11:21.666408 - Initialized conversion of CBT042
2023-04-02 21:11:22.100412 - Received CBT.V504.FILE042.PDS from FILE042.XMI 
2023-04-02 21:11:22.102962 - Found $$$#DATE.txt (text/plain) in CBT.V504.FILE042.PDS, moved to PDS/$$$#DATE
2023-04-02 21:11:22.104178 - Found $CDPARMS.txt (text/plain) in CBT.V504.FILE042.PDS, moved to PDS/$CDPARMS
2023-04-02 21:11:22.105560 - Found $CONTACT.txt (text/plain) in CBT.V504.FILE042.PDS, moved to PDS/$CONTACT
2023-04-02 21:11:22.106744 - Found $DOC.txt (text/plain) in CBT.V504.FILE042.PDS, moved to PDS/$DOC
2023-04-02 21:11:22.107706 - Found $INDEX.txt (text/plain) in CBT.V504.FILE042.PDS, moved to PDS/$INDEX
2023-04-02 21:11:22.108833 - Found $INST.txt (text/plain) in CBT.V504.FILE042.PDS, moved to PDS/$INST
2023-04-02 21:11:22.110053 - Found $REXXUPD.rexx (text/plain) in CBT.V504.FILE042.PDS, moved to PDS/$REXXUPD
2023-04-02 21:11:22.111062 - Found $WORD.txt (text/plain) in CBT.V504.FILE042.PDS, moved to PDS/$WORD
2023-04-02 21:11:22.112050 - Found @FILE042.txt (text/plain) in CBT.V504.FILE042.PDS, moved to PDS/@FILE042
2023-04-02 21:11:22.113110 - Found CDCOMMS.txt (text/plain) in CBT.V504.FILE042.PDS, moved to PDS/CDCOMMS
2023-04-02 21:11:22.114238 - Found CDDIAG.txt (text/plain) in CBT.V504.FILE042.PDS, moved to PDS/CDDIAG
2023-04-02 21:11:22.115162 - Found CDJCL.txt (text/plain) in CBT.V504.FILE042.PDS, moved to PDS/CDJCL
2023-04-02 21:11:22.116250 - Found CDPARMS.txt (text/plain) in CBT.V504.FILE042.PDS, moved to PDS/CDPARMS
2023-04-02 21:11:22.117252 - Found COBATCH.txt (text/plain) in CBT.V504.FILE042.PDS, moved to PDS/COBATCH
2023-04-02 21:11:22.118177 - Found COICE.txt (text/plain) in CBT.V504.FILE042.PDS, moved to PDS/COICE
2023-04-02 21:11:22.119082 - Found COMAIN.txt (text/plain) in CBT.V504.FILE042.PDS, moved to PDS/COMAIN
2023-04-02 21:11:22.120144 - Found COSRTCNT.txt (text/plain) in CBT.V504.FILE042.PDS, moved to PDS/COSRTCNT
2023-04-02 21:11:22.121205 - Found COTIME.txt (text/plain) in CBT.V504.FILE042.PDS, moved to PDS/COTIME
2023-04-02 21:11:22.122134 - Found DGAXSMF.txt (text/plain) in CBT.V504.FILE042.PDS, moved to PDS/DGAXSMF
2023-04-02 21:11:22.123047 - Found DGAXSMFA.jcl (text/plain) in CBT.V504.FILE042.PDS, moved to PDS/DGAXSMFA
2023-04-02 21:11:22.124255 - Found SESSHW.txt (text/plain) in CBT.V504.FILE042.PDS, moved to PDS/SESSHW
2023-04-02 21:11:22.125568 - Found STAARC1.jcl (text/plain) in CBT.V504.FILE042.PDS, moved to PDS/STAARC1
2023-04-02 21:11:22.126497 - Found STACT.jcl (text/plain) in CBT.V504.FILE042.PDS, moved to PDS/STACT
2023-04-02 21:11:22.127778 - Found STACTEQ0.jcl (text/plain) in CBT.V504.FILE042.PDS, moved to PDS/STACTEQ0
2023-04-02 21:11:22.128777 - Found STACTERR.jcl (text/plain) in CBT.V504.FILE042.PDS, moved to PDS/STACTERR
2023-04-02 21:11:22.130087 - Found STACTGT0.jcl (text/plain) in CBT.V504.FILE042.PDS, moved to PDS/STACTGT0
2023-04-02 21:11:22.131213 - Found STADAILY.jcl (text/plain) in CBT.V504.FILE042.PDS, moved to PDS/STADAILY
2023-04-02 21:11:22.132324 - Found STADEL.jcl (text/plain) in CBT.V504.FILE042.PDS, moved to PDS/STADEL
2023-04-02 21:11:22.133250 - Found STADIAG.jcl (text/plain) in CBT.V504.FILE042.PDS, moved to PDS/STADIAG
2023-04-02 21:11:22.134133 - Found STAERRM.jcl (text/plain) in CBT.V504.FILE042.PDS, moved to PDS/STAERRM
2023-04-02 21:11:22.135059 - Found STAESDS.jcl (text/plain) in CBT.V504.FILE042.PDS, moved to PDS/STAESDS
2023-04-02 21:11:22.136258 - Found STAFI.jcl (text/plain) in CBT.V504.FILE042.PDS, moved to PDS/STAFI
2023-04-02 21:11:22.137296 - Found STAHDR.txt (text/plain) in CBT.V504.FILE042.PDS, moved to PDS/STAHDR
2023-04-02 21:11:22.138214 - Found STAHOURS.jcl (text/plain) in CBT.V504.FILE042.PDS, moved to PDS/STAHOURS
2023-04-02 21:11:22.139139 - Found STAHOUR2.jcl (text/plain) in CBT.V504.FILE042.PDS, moved to PDS/STAHOUR2
2023-04-02 21:11:22.140100 - Found STAHOUR3.jcl (text/plain) in CBT.V504.FILE042.PDS, moved to PDS/STAHOUR3
2023-04-02 21:11:22.141409 - Found STAHW.jcl (text/plain) in CBT.V504.FILE042.PDS, moved to PDS/STAHW
2023-04-02 21:11:22.142344 - Found STAHWP.jcl (text/plain) in CBT.V504.FILE042.PDS, moved to PDS/STAHWP
2023-04-02 21:11:22.143505 - Found STAHWRPT.jcl (text/plain) in CBT.V504.FILE042.PDS, moved to PDS/STAHWRPT
2023-04-02 21:11:22.144568 - Found STAHW01.jcl (text/plain) in CBT.V504.FILE042.PDS, moved to PDS/STAHW01
2023-04-02 21:11:22.145634 - Found STAHW02.jcl (text/plain) in CBT.V504.FILE042.PDS, moved to PDS/STAHW02
2023-04-02 21:11:22.146688 - Found STAHW03.jcl (text/plain) in CBT.V504.FILE042.PDS, moved to PDS/STAHW03
2023-04-02 21:11:22.147669 - Found STAHW04.jcl (text/plain) in CBT.V504.FILE042.PDS, moved to PDS/STAHW04
2023-04-02 21:11:22.148697 - Found STAINDEX.txt (text/plain) in CBT.V504.FILE042.PDS, moved to PDS/STAINDEX
2023-04-02 21:11:22.149672 - Found STAINQ.jcl (text/plain) in CBT.V504.FILE042.PDS, moved to PDS/STAINQ
2023-04-02 21:11:22.150615 - Found STAINQ2.jcl (text/plain) in CBT.V504.FILE042.PDS, moved to PDS/STAINQ2
2023-04-02 21:11:22.151566 - Found STAKEY.jcl (text/plain) in CBT.V504.FILE042.PDS, moved to PDS/STAKEY
2023-04-02 21:11:22.152749 - Found STAKSDS.jcl (text/plain) in CBT.V504.FILE042.PDS, moved to PDS/STAKSDS
2023-04-02 21:11:22.153926 - Found STALNGF.jcl (text/plain) in CBT.V504.FILE042.PDS, moved to PDS/STALNGF
2023-04-02 21:11:22.155087 - Found STANM.jcl (text/plain) in CBT.V504.FILE042.PDS, moved to PDS/STANM
2023-04-02 21:11:22.156304 - Found STANMRPT.jcl (text/plain) in CBT.V504.FILE042.PDS, moved to PDS/STANMRPT
2023-04-02 21:11:22.157425 - Found STANMU.jcl (text/plain) in CBT.V504.FILE042.PDS, moved to PDS/STANMU
2023-04-02 21:11:22.158500 - Found STAPS.jcl (text/plain) in CBT.V504.FILE042.PDS, moved to PDS/STAPS
2023-04-02 21:11:22.159555 - Found STAPSREX.rexx (text/plain) in CBT.V504.FILE042.PDS, moved to PDS/STAPSREX
2023-04-02 21:11:22.160653 - Found STAPSRPT.jcl (text/plain) in CBT.V504.FILE042.PDS, moved to PDS/STAPSRPT
2023-04-02 21:11:22.161630 - Found STAPT.jcl (text/plain) in CBT.V504.FILE042.PDS, moved to PDS/STAPT
2023-04-02 21:11:22.162707 - Found STAPTRPT.jcl (text/plain) in CBT.V504.FILE042.PDS, moved to PDS/STAPTRPT
2023-04-02 21:11:22.163703 - Found STAPTRP2.jcl (text/plain) in CBT.V504.FILE042.PDS, moved to PDS/STAPTRP2
2023-04-02 21:11:22.164711 - Found STARE.jcl (text/plain) in CBT.V504.FILE042.PDS, moved to PDS/STARE
2023-04-02 21:11:22.165742 - Found STARECS.jcl (text/plain) in CBT.V504.FILE042.PDS, moved to PDS/STARECS
2023-04-02 21:11:22.166749 - Found STAREPRO.jcl (text/plain) in CBT.V504.FILE042.PDS, moved to PDS/STAREPRO
2023-04-02 21:11:22.167863 - Found STARJ.jcl (text/plain) in CBT.V504.FILE042.PDS, moved to PDS/STARJ
2023-04-02 21:11:22.168847 - Found STARO.jcl (text/plain) in CBT.V504.FILE042.PDS, moved to PDS/STARO
2023-04-02 21:11:22.169812 - Found STASMF01.jcl (text/plain) in CBT.V504.FILE042.PDS, moved to PDS/STASMF01
2023-04-02 21:11:22.170721 - Found STASMF02.jcl (text/plain) in CBT.V504.FILE042.PDS, moved to PDS/STASMF02
2023-04-02 21:11:22.171797 - Found STASMF03.jcl (text/plain) in CBT.V504.FILE042.PDS, moved to PDS/STASMF03
2023-04-02 21:11:22.172767 - Found STASMF04.jcl (text/plain) in CBT.V504.FILE042.PDS, moved to PDS/STASMF04
2023-04-02 21:11:22.173668 - Found STASS.jcl (text/plain) in CBT.V504.FILE042.PDS, moved to PDS/STASS
2023-04-02 21:11:22.174736 - Found STASW.jcl (text/plain) in CBT.V504.FILE042.PDS, moved to PDS/STASW
2023-04-02 21:11:22.175640 - Found STAS2.jcl (text/plain) in CBT.V504.FILE042.PDS, moved to PDS/STAS2
2023-04-02 21:11:22.177288 - De-xmi-ed WORDST1 to CBT042/docs/WORDST1.odt
2023-04-02 21:11:22.179058 - De-xmi-ed WORDST2 to CBT042/docs/WORDST2.odt
2023-04-02 21:11:22.181240 - De-xmi-ed WORDST3 to CBT042/docs/WORDST3.odt
2023-04-02 21:11:22.183615 - De-xmi-ed WORDST4 to CBT042/docs/WORDST4.odt
2023-04-02 21:11:22.185869 - De-xmi-ed WORDST5 to CBT042/docs/WORDST5.odt
